<?xml version="1.0" encoding="UTF-8"?>
<!-- Generated by org.testng.reporters.JUnitReportReporter -->
<testsuite skipped="0" hostname="Raul" name="testCases.ReadOneProduct" tests="1" failures="0" timestamp="2022-04-18T14:15:23 MDT" time="1.671" errors="0">
  <testcase name="readOneProduct" time="1.671" classname="testCases.ReadOneProduct"/>
  <system-out/>
</testsuite> <!-- testCases.ReadOneProduct -->
